2010.05.27 22:12 B \5 leg FLIPPED.bmp --> www.animatlab.com /Edwards_Lab/Four Legged Crayfish May 23 2010/Crayfish Body Parts/5 leg 5 leg FLIPPED.bmp
2010.05.27 22:13 B \5 leg.bmp --> www.animatlab.com /Edwards_Lab/Four Legged Crayfish May 23 2010/Crayfish Body Parts/5 leg 5 leg.bmp
2010.05.27 22:13 B \5 leg.png --> www.animatlab.com /Edwards_Lab/Four Legged Crayfish May 23 2010/Crayfish Body Parts/5 leg 5 leg.png
2010.05.27 22:13 B \basipodite5_left.ase --> www.animatlab.com /Edwards_Lab/Four Legged Crayfish May 23 2010/Crayfish Body Parts/5 leg basipodite5_left.ase
2010.05.27 22:13 B \basipodite5_left.mtl --> www.animatlab.com /Edwards_Lab/Four Legged Crayfish May 23 2010/Crayfish Body Parts/5 leg basipodite5_left.mtl
2010.05.27 22:13 B \basipodite5_left.obj --> www.animatlab.com /Edwards_Lab/Four Legged Crayfish May 23 2010/Crayfish Body Parts/5 leg basipodite5_left.obj
2010.05.27 22:13 B \basipodite5_left_collision.mtl --> www.animatlab.com /Edwards_Lab/Four Legged Crayfish May 23 2010/Crayfish Body Parts/5 leg basipodite5_left_collision.mtl
2010.05.27 22:13 B \basipodite5_left_collision.obj --> www.animatlab.com /Edwards_Lab/Four Legged Crayfish May 23 2010/Crayfish Body Parts/5 leg basipodite5_left_collision.obj
2010.05.27 22:13 B \basipodite5_right.ase --> www.animatlab.com /Edwards_Lab/Four Legged Crayfish May 23 2010/Crayfish Body Parts/5 leg basipodite5_right.ase
2010.05.27 22:13 B \basipodite5_right.mtl --> www.animatlab.com /Edwards_Lab/Four Legged Crayfish May 23 2010/Crayfish Body Parts/5 leg basipodite5_right.mtl
2010.05.27 22:13 B \basipodite5_right.obj --> www.animatlab.com /Edwards_Lab/Four Legged Crayfish May 23 2010/Crayfish Body Parts/5 leg basipodite5_right.obj
2010.05.27 22:13 B \basipodite5_right_collision.mtl --> www.animatlab.com /Edwards_Lab/Four Legged Crayfish May 23 2010/Crayfish Body Parts/5 leg basipodite5_right_collision.mtl
2010.05.27 22:13 B \basipodite5_right_collision.obj --> www.animatlab.com /Edwards_Lab/Four Legged Crayfish May 23 2010/Crayfish Body Parts/5 leg basipodite5_right_collision.obj
2010.05.27 22:13 B \carpopodite5_left.ase --> www.animatlab.com /Edwards_Lab/Four Legged Crayfish May 23 2010/Crayfish Body Parts/5 leg carpopodite5_left.ase
2010.05.27 22:13 B \carpopodite5_left.mtl --> www.animatlab.com /Edwards_Lab/Four Legged Crayfish May 23 2010/Crayfish Body Parts/5 leg carpopodite5_left.mtl
2010.05.27 22:13 B \carpopodite5_left.obj --> www.animatlab.com /Edwards_Lab/Four Legged Crayfish May 23 2010/Crayfish Body Parts/5 leg carpopodite5_left.obj
2010.05.27 22:13 B \carpopodite5_left_collision.mtl --> www.animatlab.com /Edwards_Lab/Four Legged Crayfish May 23 2010/Crayfish Body Parts/5 leg carpopodite5_left_collision.mtl
2010.05.27 22:13 B \carpopodite5_left_collision.obj --> www.animatlab.com /Edwards_Lab/Four Legged Crayfish May 23 2010/Crayfish Body Parts/5 leg carpopodite5_left_collision.obj
2010.05.27 22:13 B \carpopodite5_right.ase --> www.animatlab.com /Edwards_Lab/Four Legged Crayfish May 23 2010/Crayfish Body Parts/5 leg carpopodite5_right.ase
2010.05.27 22:13 B \carpopodite5_right.mtl --> www.animatlab.com /Edwards_Lab/Four Legged Crayfish May 23 2010/Crayfish Body Parts/5 leg carpopodite5_right.mtl
2010.05.27 22:13 B \carpopodite5_right.obj --> www.animatlab.com /Edwards_Lab/Four Legged Crayfish May 23 2010/Crayfish Body Parts/5 leg carpopodite5_right.obj
2010.05.27 22:13 B \carpopodite5_right_collision.mtl --> www.animatlab.com /Edwards_Lab/Four Legged Crayfish May 23 2010/Crayfish Body Parts/5 leg carpopodite5_right_collision.mtl
2010.05.27 22:13 B \carpopodite5_right_collision.obj --> www.animatlab.com /Edwards_Lab/Four Legged Crayfish May 23 2010/Crayfish Body Parts/5 leg carpopodite5_right_collision.obj
2010.05.27 22:13 B \coxopodite5_left.ase --> www.animatlab.com /Edwards_Lab/Four Legged Crayfish May 23 2010/Crayfish Body Parts/5 leg coxopodite5_left.ase
2010.05.27 22:13 B \coxopodite5_left.mtl --> www.animatlab.com /Edwards_Lab/Four Legged Crayfish May 23 2010/Crayfish Body Parts/5 leg coxopodite5_left.mtl
2010.05.27 22:13 B \coxopodite5_left.obj --> www.animatlab.com /Edwards_Lab/Four Legged Crayfish May 23 2010/Crayfish Body Parts/5 leg coxopodite5_left.obj
2010.05.27 22:13 B \coxopodite5_left_collision.mtl --> www.animatlab.com /Edwards_Lab/Four Legged Crayfish May 23 2010/Crayfish Body Parts/5 leg coxopodite5_left_collision.mtl
2010.05.27 22:13 B \coxopodite5_left_collision.obj --> www.animatlab.com /Edwards_Lab/Four Legged Crayfish May 23 2010/Crayfish Body Parts/5 leg coxopodite5_left_collision.obj
2010.05.27 22:13 B \coxopodite5_right.ase --> www.animatlab.com /Edwards_Lab/Four Legged Crayfish May 23 2010/Crayfish Body Parts/5 leg coxopodite5_right.ase
2010.05.27 22:13 B \coxopodite5_right.mtl --> www.animatlab.com /Edwards_Lab/Four Legged Crayfish May 23 2010/Crayfish Body Parts/5 leg coxopodite5_right.mtl
2010.05.27 22:14 B \coxopodite5_right.obj --> www.animatlab.com /Edwards_Lab/Four Legged Crayfish May 23 2010/Crayfish Body Parts/5 leg coxopodite5_right.obj
2010.05.27 22:14 B \coxopodite5_right_collision.mtl --> www.animatlab.com /Edwards_Lab/Four Legged Crayfish May 23 2010/Crayfish Body Parts/5 leg coxopodite5_right_collision.mtl
2010.05.27 22:14 B \coxopodite5_right_collision.obj --> www.animatlab.com /Edwards_Lab/Four Legged Crayfish May 23 2010/Crayfish Body Parts/5 leg coxopodite5_right_collision.obj
2010.05.27 22:14 B \dactylopodite5_left.ase --> www.animatlab.com /Edwards_Lab/Four Legged Crayfish May 23 2010/Crayfish Body Parts/5 leg dactylopodite5_left.ase
2010.05.27 22:14 B \dactylopodite5_left.mtl --> www.animatlab.com /Edwards_Lab/Four Legged Crayfish May 23 2010/Crayfish Body Parts/5 leg dactylopodite5_left.mtl
2010.05.27 22:14 B \dactylopodite5_left.obj --> www.animatlab.com /Edwards_Lab/Four Legged Crayfish May 23 2010/Crayfish Body Parts/5 leg dactylopodite5_left.obj
2010.05.27 22:14 B \dactylopodite5_left_collision.mtl --> www.animatlab.com /Edwards_Lab/Four Legged Crayfish May 23 2010/Crayfish Body Parts/5 leg dactylopodite5_left_collision.mtl
2010.05.27 22:14 B \dactylopodite5_left_collision.obj --> www.animatlab.com /Edwards_Lab/Four Legged Crayfish May 23 2010/Crayfish Body Parts/5 leg dactylopodite5_left_collision.obj
2010.05.27 22:14 B \dactylopodite5_right.ase --> www.animatlab.com /Edwards_Lab/Four Legged Crayfish May 23 2010/Crayfish Body Parts/5 leg dactylopodite5_right.ase
2010.05.27 22:14 B \dactylopodite5_right.mtl --> www.animatlab.com /Edwards_Lab/Four Legged Crayfish May 23 2010/Crayfish Body Parts/5 leg dactylopodite5_right.mtl
2010.05.27 22:14 B \dactylopodite5_right.obj --> www.animatlab.com /Edwards_Lab/Four Legged Crayfish May 23 2010/Crayfish Body Parts/5 leg dactylopodite5_right.obj
2010.05.27 22:14 B \dactylopodite5_right_collision.mtl --> www.animatlab.com /Edwards_Lab/Four Legged Crayfish May 23 2010/Crayfish Body Parts/5 leg dactylopodite5_right_collision.mtl
2010.05.27 22:14 B \dactylopodite5_right_collision.obj --> www.animatlab.com /Edwards_Lab/Four Legged Crayfish May 23 2010/Crayfish Body Parts/5 leg dactylopodite5_right_collision.obj
2010.05.27 22:14 B \ischiopodite5_left.ase --> www.animatlab.com /Edwards_Lab/Four Legged Crayfish May 23 2010/Crayfish Body Parts/5 leg ischiopodite5_left.ase
2010.05.27 22:14 B \ischiopodite5_left.mtl --> www.animatlab.com /Edwards_Lab/Four Legged Crayfish May 23 2010/Crayfish Body Parts/5 leg ischiopodite5_left.mtl
2010.05.27 22:14 B \ischiopodite5_left.obj --> www.animatlab.com /Edwards_Lab/Four Legged Crayfish May 23 2010/Crayfish Body Parts/5 leg ischiopodite5_left.obj
2010.05.27 22:14 B \ischiopodite5_left_collision.mtl --> www.animatlab.com /Edwards_Lab/Four Legged Crayfish May 23 2010/Crayfish Body Parts/5 leg ischiopodite5_left_collision.mtl
2010.05.27 22:14 B \ischiopodite5_left_collision.obj --> www.animatlab.com /Edwards_Lab/Four Legged Crayfish May 23 2010/Crayfish Body Parts/5 leg ischiopodite5_left_collision.obj
2010.05.27 22:14 B \ischiopodite5_right.ase --> www.animatlab.com /Edwards_Lab/Four Legged Crayfish May 23 2010/Crayfish Body Parts/5 leg ischiopodite5_right.ase
2010.05.27 22:14 B \ischiopodite5_right.mtl --> www.animatlab.com /Edwards_Lab/Four Legged Crayfish May 23 2010/Crayfish Body Parts/5 leg ischiopodite5_right.mtl
2010.05.27 22:14 B \ischiopodite5_right.obj --> www.animatlab.com /Edwards_Lab/Four Legged Crayfish May 23 2010/Crayfish Body Parts/5 leg ischiopodite5_right.obj
2010.05.27 22:14 B \ischiopodite5_right_collision.mtl --> www.animatlab.com /Edwards_Lab/Four Legged Crayfish May 23 2010/Crayfish Body Parts/5 leg ischiopodite5_right_collision.mtl
2010.05.27 22:14 B \ischiopodite5_right_collision.obj --> www.animatlab.com /Edwards_Lab/Four Legged Crayfish May 23 2010/Crayfish Body Parts/5 leg ischiopodite5_right_collision.obj
2010.05.27 22:14 B \meropodite5_left.ase --> www.animatlab.com /Edwards_Lab/Four Legged Crayfish May 23 2010/Crayfish Body Parts/5 leg meropodite5_left.ase
2010.05.27 22:14 B \meropodite5_left.mtl --> www.animatlab.com /Edwards_Lab/Four Legged Crayfish May 23 2010/Crayfish Body Parts/5 leg meropodite5_left.mtl
2010.05.27 22:14 B \meropodite5_left.obj --> www.animatlab.com /Edwards_Lab/Four Legged Crayfish May 23 2010/Crayfish Body Parts/5 leg meropodite5_left.obj
2010.05.27 22:14 B \meropodite5_left_collision.mtl --> www.animatlab.com /Edwards_Lab/Four Legged Crayfish May 23 2010/Crayfish Body Parts/5 leg meropodite5_left_collision.mtl
2010.05.27 22:14 B \meropodite5_left_collision.obj --> www.animatlab.com /Edwards_Lab/Four Legged Crayfish May 23 2010/Crayfish Body Parts/5 leg meropodite5_left_collision.obj
2010.05.27 22:14 B \meropodite5_right.ase --> www.animatlab.com /Edwards_Lab/Four Legged Crayfish May 23 2010/Crayfish Body Parts/5 leg meropodite5_right.ase
2010.05.27 22:14 B \meropodite5_right.mtl --> www.animatlab.com /Edwards_Lab/Four Legged Crayfish May 23 2010/Crayfish Body Parts/5 leg meropodite5_right.mtl
2010.05.27 22:14 B \meropodite5_right.obj --> www.animatlab.com /Edwards_Lab/Four Legged Crayfish May 23 2010/Crayfish Body Parts/5 leg meropodite5_right.obj
2010.05.27 22:14 B \meropodite5_right_collision.mtl --> www.animatlab.com /Edwards_Lab/Four Legged Crayfish May 23 2010/Crayfish Body Parts/5 leg meropodite5_right_collision.mtl
2010.05.27 22:14 B \meropodite5_right_collision.obj --> www.animatlab.com /Edwards_Lab/Four Legged Crayfish May 23 2010/Crayfish Body Parts/5 leg meropodite5_right_collision.obj
2010.05.27 22:14 B \propodite5_left.ase --> www.animatlab.com /Edwards_Lab/Four Legged Crayfish May 23 2010/Crayfish Body Parts/5 leg propodite5_left.ase
2010.05.27 22:14 B \propodite5_left.mtl --> www.animatlab.com /Edwards_Lab/Four Legged Crayfish May 23 2010/Crayfish Body Parts/5 leg propodite5_left.mtl
2010.05.27 22:14 B \propodite5_left.obj --> www.animatlab.com /Edwards_Lab/Four Legged Crayfish May 23 2010/Crayfish Body Parts/5 leg propodite5_left.obj
2010.05.27 22:14 B \propodite5_left_collision.mtl --> www.animatlab.com /Edwards_Lab/Four Legged Crayfish May 23 2010/Crayfish Body Parts/5 leg propodite5_left_collision.mtl
2010.05.27 22:14 B \propodite5_left_collision.obj --> www.animatlab.com /Edwards_Lab/Four Legged Crayfish May 23 2010/Crayfish Body Parts/5 leg propodite5_left_collision.obj
2010.05.27 22:14 B \propodite5_right.ase --> www.animatlab.com /Edwards_Lab/Four Legged Crayfish May 23 2010/Crayfish Body Parts/5 leg propodite5_right.ase
2010.05.27 22:14 B \propodite5_right.mtl --> www.animatlab.com /Edwards_Lab/Four Legged Crayfish May 23 2010/Crayfish Body Parts/5 leg propodite5_right.mtl
2010.05.27 22:14 B \propodite5_right.obj --> www.animatlab.com /Edwards_Lab/Four Legged Crayfish May 23 2010/Crayfish Body Parts/5 leg propodite5_right.obj
2010.05.27 22:14 B \propodite5_right_collision.mtl --> www.animatlab.com /Edwards_Lab/Four Legged Crayfish May 23 2010/Crayfish Body Parts/5 leg propodite5_right_collision.mtl
2010.05.27 22:14 B \propodite5_right_collision.obj --> www.animatlab.com /Edwards_Lab/Four Legged Crayfish May 23 2010/Crayfish Body Parts/5 leg propodite5_right_collision.obj
2010.05.27 22:15 B \Thumbs.db --> www.animatlab.com /Edwards_Lab/Four Legged Crayfish May 23 2010/Crayfish Body Parts/5 leg Thumbs.db
